<?xml version="1.0" encoding="UTF-8"?>
<!-- Generated by org.testng.reporters.JUnitXMLReporter -->
<testsuite ignored="0" hostname="DESKTOP-GQ6S98M" failures="0" tests="3" name="Default test" time="7.657" errors="0" timestamp="2022-01-20T16:43:09 IST">
  <testcase classname="Payloads.LibraryAPI" name="addBook" time="6.825"/>
  <testcase classname="Payloads.LibraryAPI" name="addBook" time="0.398"/>
  <testcase classname="Payloads.LibraryAPI" name="addBook" time="0.306"/>
</testsuite> <!-- Default test -->
