<?xml version="1.0" encoding="UTF-8"?>
<testng-results ignored="0" total="1" passed="1" failed="0" skipped="0">
  <reporter-output>
  </reporter-output>
  <suite started-at="2022-01-19T17:39:01 IST" name="Default suite" finished-at="2022-01-19T17:39:06 IST" duration-ms="4405">
    <groups>
    </groups>
    <test started-at="2022-01-19T17:39:01 IST" name="Default test" finished-at="2022-01-19T17:39:06 IST" duration-ms="4405">
      <class name="Payloads.LibraryAPI">
        <test-method signature="addBook()[pri:0, instance:Payloads.LibraryAPI@548e6d58]" started-at="2022-01-19T17:39:01 IST" name="addBook" finished-at="2022-01-19T17:39:06 IST" duration-ms="4342" status="PASS">
          <reporter-output>
          </reporter-output>
        </test-method> <!-- addBook -->
      </class> <!-- Payloads.LibraryAPI -->
    </test> <!-- Default test -->
  </suite> <!-- Default suite -->
</testng-results>
