<?xml version="1.0" encoding="UTF-8"?>
<testng-results ignored="0" total="3" passed="3" failed="0" skipped="0">
  <reporter-output>
  </reporter-output>
  <suite started-at="2022-01-20T16:43:01 IST" name="Default suite" finished-at="2022-01-20T16:43:09 IST" duration-ms="7657">
    <groups>
    </groups>
    <test started-at="2022-01-20T16:43:01 IST" name="Default test" finished-at="2022-01-20T16:43:09 IST" duration-ms="7657">
      <class name="Payloads.LibraryAPI">
        <test-method signature="addBook(java.lang.String, java.lang.String)[pri:0, instance:Payloads.LibraryAPI@fd07cbb]" started-at="2022-01-20T16:43:01 IST" name="addBook" data-provider="testDataApi" finished-at="2022-01-20T16:43:08 IST" duration-ms="6825" status="PASS">
          <params>
            <param index="0">
              <value>
                <![CDATA[abvfr]]>
              </value>
            </param>
            <param index="1">
              <value>
                <![CDATA[1678]]>
              </value>
            </param>
          </params>
          <reporter-output>
          </reporter-output>
        </test-method> <!-- addBook -->
        <test-method signature="addBook(java.lang.String, java.lang.String)[pri:0, instance:Payloads.LibraryAPI@fd07cbb]" started-at="2022-01-20T16:43:08 IST" name="addBook" data-provider="testDataApi" finished-at="2022-01-20T16:43:09 IST" duration-ms="398" status="PASS">
          <params>
            <param index="0">
              <value>
                <![CDATA[arvfr]]>
              </value>
            </param>
            <param index="1">
              <value>
                <![CDATA[1608]]>
              </value>
            </param>
          </params>
          <reporter-output>
          </reporter-output>
        </test-method> <!-- addBook -->
        <test-method signature="addBook(java.lang.String, java.lang.String)[pri:0, instance:Payloads.LibraryAPI@fd07cbb]" started-at="2022-01-20T16:43:09 IST" name="addBook" data-provider="testDataApi" finished-at="2022-01-20T16:43:09 IST" duration-ms="306" status="PASS">
          <params>
            <param index="0">
              <value>
                <![CDATA[abyfr]]>
              </value>
            </param>
            <param index="1">
              <value>
                <![CDATA[1478]]>
              </value>
            </param>
          </params>
          <reporter-output>
          </reporter-output>
        </test-method> <!-- addBook -->
      </class> <!-- Payloads.LibraryAPI -->
    </test> <!-- Default test -->
  </suite> <!-- Default suite -->
</testng-results>
